<?xml version="1.0" encoding="UTF-8"?>
<coverage generated="1603816195609" clover="3.2.0">
  <project timestamp="1603816195609" name="All files">
    <metrics statements="58" coveredstatements="57" conditionals="15" coveredconditionals="12" methods="19" coveredmethods="19" elements="92" coveredelements="88" complexity="0" loc="58" ncloc="58" packages="1" files="2" classes="2"/>
    <file name="index.js" path="C:\Users\KELLY-PC\Documents\md-links\LIM013-fe-md-links\src\index.js">
      <metrics statements="46" coveredstatements="46" conditionals="6" coveredconditionals="6" methods="17" coveredmethods="17"/>
      <line num="1" count="1" type="stmt"/>
      <line num="2" count="1" type="stmt"/>
      <line num="3" count="1" type="stmt"/>
      <line num="4" count="1" type="stmt"/>
      <line num="5" count="1" type="stmt"/>
      <line num="6" count="1" type="stmt"/>
      <line num="7" count="1" type="stmt"/>
      <line num="11" count="4" type="stmt"/>
      <line num="14" count="17" type="stmt"/>
      <line num="17" count="18" type="stmt"/>
      <line num="22" count="14" type="stmt"/>
      <line num="25" count="4" type="stmt"/>
      <line num="29" count="1" type="stmt"/>
      <line num="30" count="17" type="cond" truecount="2" falsecount="0"/>
      <line num="31" count="16" type="stmt"/>
      <line num="32" count="16" type="stmt"/>
      <line num="34" count="1" type="stmt"/>
      <line num="42" count="1" type="stmt"/>
      <line num="43" count="4" type="stmt"/>
      <line num="44" count="12" type="stmt"/>
      <line num="61" count="1" type="stmt"/>
      <line num="62" count="16" type="stmt"/>
      <line num="63" count="16" type="stmt"/>
      <line num="66" count="16" type="cond" truecount="2" falsecount="0"/>
      <line num="67" count="12" type="cond" truecount="2" falsecount="0"/>
      <line num="68" count="7" type="stmt"/>
      <line num="71" count="4" type="stmt"/>
      <line num="72" count="12" type="stmt"/>
      <line num="74" count="12" type="stmt"/>
      <line num="75" count="12" type="stmt"/>
      <line num="78" count="16" type="stmt"/>
      <line num="95" count="5" type="stmt"/>
      <line num="114" count="1" type="stmt"/>
      <line num="115" count="3" type="stmt"/>
      <line num="116" count="3" type="stmt"/>
      <line num="117" count="3" type="stmt"/>
      <line num="118" count="5" type="stmt"/>
      <line num="119" count="5" type="stmt"/>
      <line num="124" count="5" type="stmt"/>
      <line num="126" count="5" type="stmt"/>
      <line num="128" count="3" type="stmt"/>
      <line num="138" count="1" type="stmt"/>
      <line num="141" count="2" type="stmt"/>
      <line num="143" count="2" type="stmt"/>
      <line num="153" count="1" type="stmt"/>
      <line num="167" count="1" type="stmt"/>
    </file>
    <file name="mdlinks.js" path="C:\Users\KELLY-PC\Documents\md-links\LIM013-fe-md-links\src\mdlinks.js">
      <metrics statements="12" coveredstatements="11" conditionals="9" coveredconditionals="6" methods="2" coveredmethods="2"/>
      <line num="1" count="1" type="stmt"/>
      <line num="2" count="1" type="stmt"/>
      <line num="5" count="1" type="cond" truecount="0" falsecount="1"/>
      <line num="6" count="2" type="cond" truecount="1" falsecount="1"/>
      <line num="7" count="0" type="stmt"/>
      <line num="9" count="2" type="stmt"/>
      <line num="10" count="2" type="stmt"/>
      <line num="12" count="2" type="cond" truecount="2" falsecount="0"/>
      <line num="13" count="1" type="stmt"/>
      <line num="14" count="1" type="cond" truecount="3" falsecount="1"/>
      <line num="15" count="1" type="stmt"/>
      <line num="40" count="1" type="stmt"/>
    </file>
  </project>
</coverage>
