<?xml version="1.0" encoding="UTF-8"?>
<coverage generated="1603325732503" clover="3.2.0">
  <project timestamp="1603325732504" name="All files">
    <metrics statements="53" coveredstatements="50" conditionals="8" coveredconditionals="6" methods="17" coveredmethods="16" elements="78" coveredelements="72" complexity="0" loc="53" ncloc="53" packages="1" files="1" classes="1"/>
    <file name="index.js" path="C:\Users\KELLY-PC\Documents\md-links\LIM013-fe-md-links\src\index.js">
      <metrics statements="53" coveredstatements="50" conditionals="8" coveredconditionals="6" methods="17" coveredmethods="16"/>
      <line num="1" count="1" type="stmt"/>
      <line num="2" count="1" type="stmt"/>
      <line num="3" count="1" type="stmt"/>
      <line num="4" count="1" type="stmt"/>
      <line num="5" count="1" type="stmt"/>
      <line num="6" count="1" type="stmt"/>
      <line num="7" count="1" type="stmt"/>
      <line num="11" count="2" type="stmt"/>
      <line num="14" count="5" type="stmt"/>
      <line num="17" count="6" type="stmt"/>
      <line num="22" count="4" type="stmt"/>
      <line num="25" count="2" type="stmt"/>
      <line num="29" count="1" type="stmt"/>
      <line num="30" count="5" type="cond" truecount="2" falsecount="0"/>
      <line num="31" count="1" type="stmt"/>
      <line num="32" count="1" type="stmt"/>
      <line num="34" count="4" type="stmt"/>
      <line num="42" count="1" type="stmt"/>
      <line num="43" count="2" type="stmt"/>
      <line num="44" count="3" type="stmt"/>
      <line num="60" count="1" type="stmt"/>
      <line num="61" count="4" type="stmt"/>
      <line num="62" count="4" type="stmt"/>
      <line num="63" count="4" type="cond" truecount="2" falsecount="0"/>
      <line num="64" count="2" type="cond" truecount="1" falsecount="1"/>
      <line num="65" count="2" type="stmt"/>
      <line num="68" count="2" type="stmt"/>
      <line num="69" count="3" type="stmt"/>
      <line num="71" count="3" type="stmt"/>
      <line num="72" count="3" type="stmt"/>
      <line num="75" count="4" type="stmt"/>
      <line num="91" count="2" type="stmt"/>
      <line num="110" count="1" type="stmt"/>
      <line num="111" count="1" type="stmt"/>
      <line num="112" count="1" type="stmt"/>
      <line num="113" count="1" type="stmt"/>
      <line num="114" count="2" type="stmt"/>
      <line num="115" count="2" type="stmt"/>
      <line num="120" count="2" type="stmt"/>
      <line num="122" count="2" type="stmt"/>
      <line num="124" count="1" type="stmt"/>
      <line num="162" count="1" type="stmt"/>
      <line num="163" count="1" type="stmt"/>
      <line num="164" count="1" type="stmt"/>
      <line num="165" count="1" type="cond" truecount="1" falsecount="1"/>
      <line num="166" count="0" type="stmt"/>
      <line num="168" count="1" type="stmt"/>
      <line num="169" count="2" type="stmt"/>
      <line num="171" count="0" type="stmt"/>
      <line num="178" count="0" type="stmt"/>
      <line num="182" count="1" type="stmt"/>
      <line num="185" count="1" type="stmt"/>
      <line num="204" count="1" type="stmt"/>
    </file>
  </project>
</coverage>
