{"C:\\Users\\KELLY-PC\\Documents\\md-links\\LIM013-fe-md-links\\src\\index.js": {"path":"C:\\Users\\KELLY-PC\\Documents\\md-links\\LIM013-fe-md-links\\src\\index.js","statementMap":{"0":{"start":{"line":1,"column":13},"end":{"line":1,"column":28}},"1":{"start":{"line":2,"column":11},"end":{"line":2,"column":24}},"2":{"start":{"line":3,"column":15},"end":{"line":3,"column":32}},"3":{"start":{"line":4,"column":14},"end":{"line":4,"column":36}},"4":{"start":{"line":5,"column":14},"end":{"line":5,"column":35}},"5":{"start":{"line":6,"column":32},"end":{"line":6,"column":47}},"6":{"start":{"line":7,"column":20},"end":{"line":7,"column":37}},"7":{"start":{"line":11,"column":20},"end":{"line":11,"column":53}},"8":{"start":{"line":11,"column":32},"end":{"line":11,"column":52}},"9":{"start":{"line":14,"column":18},"end":{"line":14,"column":53}},"10":{"start":{"line":14,"column":30},"end":{"line":14,"column":52}},"11":{"start":{"line":17,"column":16},"end":{"line":17,"column":54}},"12":{"start":{"line":17,"column":27},"end":{"line":17,"column":54}},"13":{"start":{"line":22,"column":13},"end":{"line":22,"column":45}},"14":{"start":{"line":22,"column":25},"end":{"line":22,"column":44}},"15":{"start":{"line":25,"column":23},"end":{"line":25,"column":51}},"16":{"start":{"line":25,"column":31},"end":{"line":25,"column":51}},"17":{"start":{"line":29,"column":25},"end":{"line":35,"column":1}},"18":{"start":{"line":30,"column":2},"end":{"line":33,"column":3}},"19":{"start":{"line":31,"column":24},"end":{"line":31,"column":43}},"20":{"start":{"line":32,"column":4},"end":{"line":32,"column":23}},"21":{"start":{"line":34,"column":2},"end":{"line":34,"column":15}},"22":{"start":{"line":42,"column":33},"end":{"line":45,"column":3}},"23":{"start":{"line":43,"column":2},"end":{"line":44,"column":32}},"24":{"start":{"line":44,"column":4},"end":{"line":44,"column":29}},"25":{"start":{"line":61,"column":22},"end":{"line":79,"column":1}},"26":{"start":{"line":62,"column":21},"end":{"line":62,"column":23}},"27":{"start":{"line":63,"column":19},"end":{"line":63,"column":41}},"28":{"start":{"line":66,"column":2},"end":{"line":77,"column":3}},"29":{"start":{"line":67,"column":4},"end":{"line":69,"column":5}},"30":{"start":{"line":68,"column":6},"end":{"line":68,"column":34}},"31":{"start":{"line":71,"column":4},"end":{"line":76,"column":7}},"32":{"start":{"line":72,"column":30},"end":{"line":72,"column":37}},"33":{"start":{"line":74,"column":35},"end":{"line":74,"column":65}},"34":{"start":{"line":75,"column":6},"end":{"line":75,"column":63}},"35":{"start":{"line":78,"column":2},"end":{"line":78,"column":22}},"36":{"start":{"line":95,"column":21},"end":{"line":95,"column":65}},"37":{"start":{"line":95,"column":32},"end":{"line":95,"column":65}},"38":{"start":{"line":114,"column":21},"end":{"line":129,"column":5}},"39":{"start":{"line":115,"column":23},"end":{"line":115,"column":25}},"40":{"start":{"line":116,"column":23},"end":{"line":116,"column":44}},"41":{"start":{"line":117,"column":6},"end":{"line":127,"column":9}},"42":{"start":{"line":118,"column":8},"end":{"line":125,"column":10}},"43":{"start":{"line":119,"column":33},"end":{"line":123,"column":11}},"44":{"start":{"line":124,"column":10},"end":{"line":124,"column":42}},"45":{"start":{"line":126,"column":8},"end":{"line":126,"column":49}},"46":{"start":{"line":128,"column":6},"end":{"line":128,"column":24}},"47":{"start":{"line":138,"column":26},"end":{"line":154,"column":1}},"48":{"start":{"line":141,"column":24},"end":{"line":152,"column":8}},"49":{"start":{"line":141,"column":53},"end":{"line":152,"column":7}},"50":{"start":{"line":143,"column":22},"end":{"line":150,"column":7}},"51":{"start":{"line":153,"column":4},"end":{"line":153,"column":36}},"52":{"start":{"line":167,"column":0},"end":{"line":177,"column":2}}},"fnMap":{"0":{"name":"(anonymous_0)","decl":{"start":{"line":11,"column":20},"end":{"line":11,"column":21}},"loc":{"start":{"line":11,"column":32},"end":{"line":11,"column":52}},"line":11},"1":{"name":"(anonymous_1)","decl":{"start":{"line":14,"column":18},"end":{"line":14,"column":19}},"loc":{"start":{"line":14,"column":30},"end":{"line":14,"column":52}},"line":14},"2":{"name":"(anonymous_2)","decl":{"start":{"line":17,"column":16},"end":{"line":17,"column":17}},"loc":{"start":{"line":17,"column":27},"end":{"line":17,"column":54}},"line":17},"3":{"name":"(anonymous_3)","decl":{"start":{"line":22,"column":13},"end":{"line":22,"column":14}},"loc":{"start":{"line":22,"column":25},"end":{"line":22,"column":44}},"line":22},"4":{"name":"(anonymous_4)","decl":{"start":{"line":25,"column":23},"end":{"line":25,"column":24}},"loc":{"start":{"line":25,"column":31},"end":{"line":25,"column":51}},"line":25},"5":{"name":"(anonymous_5)","decl":{"start":{"line":29,"column":25},"end":{"line":29,"column":26}},"loc":{"start":{"line":29,"column":36},"end":{"line":35,"column":1}},"line":29},"6":{"name":"(anonymous_6)","decl":{"start":{"line":42,"column":33},"end":{"line":42,"column":34}},"loc":{"start":{"line":42,"column":44},"end":{"line":45,"column":3}},"line":42},"7":{"name":"(anonymous_7)","decl":{"start":{"line":43,"column":35},"end":{"line":43,"column":36}},"loc":{"start":{"line":44,"column":4},"end":{"line":44,"column":29}},"line":44},"8":{"name":"(anonymous_8)","decl":{"start":{"line":61,"column":22},"end":{"line":61,"column":23}},"loc":{"start":{"line":61,"column":33},"end":{"line":79,"column":1}},"line":61},"9":{"name":"(anonymous_9)","decl":{"start":{"line":71,"column":44},"end":{"line":71,"column":45}},"loc":{"start":{"line":71,"column":57},"end":{"line":76,"column":5}},"line":71},"10":{"name":"(anonymous_10)","decl":{"start":{"line":95,"column":21},"end":{"line":95,"column":22}},"loc":{"start":{"line":95,"column":32},"end":{"line":95,"column":65}},"line":95},"11":{"name":"(anonymous_11)","decl":{"start":{"line":114,"column":21},"end":{"line":114,"column":22}},"loc":{"start":{"line":114,"column":32},"end":{"line":129,"column":5}},"line":114},"12":{"name":"(anonymous_12)","decl":{"start":{"line":117,"column":35},"end":{"line":117,"column":36}},"loc":{"start":{"line":117,"column":45},"end":{"line":127,"column":7}},"line":117},"13":{"name":"(anonymous_13)","decl":{"start":{"line":118,"column":23},"end":{"line":118,"column":24}},"loc":{"start":{"line":118,"column":46},"end":{"line":125,"column":9}},"line":118},"14":{"name":"(anonymous_14)","decl":{"start":{"line":138,"column":26},"end":{"line":138,"column":27}},"loc":{"start":{"line":138,"column":43},"end":{"line":154,"column":1}},"line":138},"15":{"name":"(anonymous_15)","decl":{"start":{"line":141,"column":40},"end":{"line":141,"column":41}},"loc":{"start":{"line":141,"column":53},"end":{"line":152,"column":7}},"line":141},"16":{"name":"(anonymous_16)","decl":{"start":{"line":143,"column":12},"end":{"line":143,"column":13}},"loc":{"start":{"line":143,"column":22},"end":{"line":150,"column":7}},"line":143}},"branchMap":{"0":{"loc":{"start":{"line":30,"column":2},"end":{"line":33,"column":3}},"type":"if","locations":[{"start":{"line":30,"column":2},"end":{"line":33,"column":3}},{"start":{"line":30,"column":2},"end":{"line":33,"column":3}}],"line":30},"1":{"loc":{"start":{"line":66,"column":2},"end":{"line":77,"column":3}},"type":"if","locations":[{"start":{"line":66,"column":2},"end":{"line":77,"column":3}},{"start":{"line":66,"column":2},"end":{"line":77,"column":3}}],"line":66},"2":{"loc":{"start":{"line":67,"column":4},"end":{"line":69,"column":5}},"type":"if","locations":[{"start":{"line":67,"column":4},"end":{"line":69,"column":5}},{"start":{"line":67,"column":4},"end":{"line":69,"column":5}}],"line":67}},"s":{"0":1,"1":1,"2":1,"3":1,"4":1,"5":1,"6":1,"7":1,"8":4,"9":1,"10":17,"11":1,"12":18,"13":1,"14":14,"15":1,"16":4,"17":1,"18":17,"19":16,"20":16,"21":1,"22":1,"23":4,"24":12,"25":1,"26":16,"27":16,"28":16,"29":12,"30":7,"31":4,"32":12,"33":12,"34":12,"35":16,"36":1,"37":5,"38":1,"39":3,"40":3,"41":3,"42":5,"43":5,"44":5,"45":5,"46":3,"47":1,"48":1,"49":2,"50":2,"51":1,"52":1},"f":{"0":4,"1":17,"2":18,"3":14,"4":4,"5":17,"6":4,"7":12,"8":16,"9":12,"10":5,"11":3,"12":5,"13":5,"14":1,"15":2,"16":2},"b":{"0":[16,1],"1":[12,4],"2":[7,5]},"_coverageSchema":"1a1c01bbd47fc00a2c39e90264f33305004495a9","hash":"44530e5ba916fea4fec2e123bbb874ecc2295c42"}
,"C:\\Users\\KELLY-PC\\Documents\\md-links\\LIM013-fe-md-links\\src\\mdlinks.js": {"path":"C:\\Users\\KELLY-PC\\Documents\\md-links\\LIM013-fe-md-links\\src\\mdlinks.js","statementMap":{"0":{"start":{"line":1,"column":28},"end":{"line":1,"column":49}},"1":{"start":{"line":2,"column":18},"end":{"line":2,"column":39}},"2":{"start":{"line":5,"column":16},"end":{"line":19,"column":1}},"3":{"start":{"line":6,"column":2},"end":{"line":8,"column":3}},"4":{"start":{"line":7,"column":4},"end":{"line":7,"column":37}},"5":{"start":{"line":9,"column":16},"end":{"line":9,"column":50}},"6":{"start":{"line":10,"column":2},"end":{"line":18,"column":3}},"7":{"start":{"line":12,"column":6},"end":{"line":16,"column":7}},"8":{"start":{"line":13,"column":8},"end":{"line":13,"column":39}},"9":{"start":{"line":14,"column":13},"end":{"line":16,"column":7}},"10":{"start":{"line":15,"column":8},"end":{"line":15,"column":23}},"11":{"start":{"line":40,"column":0},"end":{"line":40,"column":25}}},"fnMap":{"0":{"name":"(anonymous_0)","decl":{"start":{"line":5,"column":16},"end":{"line":5,"column":17}},"loc":{"start":{"line":5,"column":44},"end":{"line":19,"column":1}},"line":5},"1":{"name":"(anonymous_1)","decl":{"start":{"line":11,"column":4},"end":{"line":11,"column":5}},"loc":{"start":{"line":11,"column":25},"end":{"line":17,"column":5}},"line":11}},"branchMap":{"0":{"loc":{"start":{"line":5,"column":29},"end":{"line":5,"column":39}},"type":"default-arg","locations":[{"start":{"line":5,"column":37},"end":{"line":5,"column":39}}],"line":5},"1":{"loc":{"start":{"line":6,"column":2},"end":{"line":8,"column":3}},"type":"if","locations":[{"start":{"line":6,"column":2},"end":{"line":8,"column":3}},{"start":{"line":6,"column":2},"end":{"line":8,"column":3}}],"line":6},"2":{"loc":{"start":{"line":12,"column":6},"end":{"line":16,"column":7}},"type":"if","locations":[{"start":{"line":12,"column":6},"end":{"line":16,"column":7}},{"start":{"line":12,"column":6},"end":{"line":16,"column":7}}],"line":12},"3":{"loc":{"start":{"line":14,"column":13},"end":{"line":16,"column":7}},"type":"if","locations":[{"start":{"line":14,"column":13},"end":{"line":16,"column":7}},{"start":{"line":14,"column":13},"end":{"line":16,"column":7}}],"line":14},"4":{"loc":{"start":{"line":14,"column":17},"end":{"line":14,"column":68}},"type":"binary-expr","locations":[{"start":{"line":14,"column":17},"end":{"line":14,"column":38}},{"start":{"line":14,"column":42},"end":{"line":14,"column":68}}],"line":14}},"s":{"0":1,"1":1,"2":1,"3":2,"4":0,"5":2,"6":2,"7":2,"8":1,"9":1,"10":1,"11":1},"f":{"0":2,"1":2},"b":{"0":[0],"1":[0,2],"2":[1,1],"3":[1,0],"4":[1,1]},"_coverageSchema":"1a1c01bbd47fc00a2c39e90264f33305004495a9","hash":"08484ed2372ae1097eb96aff7ea74c2d58faf874"}
}
