{"C:\\Users\\KELLY-PC\\Documents\\md-links\\LIM013-fe-md-links\\src\\index.js": {"path":"C:\\Users\\KELLY-PC\\Documents\\md-links\\LIM013-fe-md-links\\src\\index.js","statementMap":{"0":{"start":{"line":1,"column":13},"end":{"line":1,"column":28}},"1":{"start":{"line":2,"column":11},"end":{"line":2,"column":24}},"2":{"start":{"line":3,"column":15},"end":{"line":3,"column":32}},"3":{"start":{"line":4,"column":14},"end":{"line":4,"column":36}},"4":{"start":{"line":5,"column":14},"end":{"line":5,"column":35}},"5":{"start":{"line":6,"column":32},"end":{"line":6,"column":47}},"6":{"start":{"line":7,"column":20},"end":{"line":7,"column":37}},"7":{"start":{"line":11,"column":20},"end":{"line":11,"column":53}},"8":{"start":{"line":11,"column":32},"end":{"line":11,"column":52}},"9":{"start":{"line":14,"column":18},"end":{"line":14,"column":53}},"10":{"start":{"line":14,"column":30},"end":{"line":14,"column":52}},"11":{"start":{"line":17,"column":16},"end":{"line":17,"column":54}},"12":{"start":{"line":17,"column":27},"end":{"line":17,"column":54}},"13":{"start":{"line":22,"column":13},"end":{"line":22,"column":45}},"14":{"start":{"line":22,"column":25},"end":{"line":22,"column":44}},"15":{"start":{"line":25,"column":23},"end":{"line":25,"column":51}},"16":{"start":{"line":25,"column":31},"end":{"line":25,"column":51}},"17":{"start":{"line":29,"column":25},"end":{"line":35,"column":1}},"18":{"start":{"line":30,"column":2},"end":{"line":33,"column":3}},"19":{"start":{"line":31,"column":24},"end":{"line":31,"column":43}},"20":{"start":{"line":32,"column":4},"end":{"line":32,"column":23}},"21":{"start":{"line":34,"column":2},"end":{"line":34,"column":15}},"22":{"start":{"line":42,"column":33},"end":{"line":45,"column":3}},"23":{"start":{"line":43,"column":2},"end":{"line":44,"column":32}},"24":{"start":{"line":44,"column":4},"end":{"line":44,"column":29}},"25":{"start":{"line":61,"column":22},"end":{"line":77,"column":1}},"26":{"start":{"line":62,"column":21},"end":{"line":62,"column":23}},"27":{"start":{"line":63,"column":19},"end":{"line":63,"column":41}},"28":{"start":{"line":64,"column":2},"end":{"line":75,"column":3}},"29":{"start":{"line":65,"column":4},"end":{"line":67,"column":5}},"30":{"start":{"line":66,"column":6},"end":{"line":66,"column":34}},"31":{"start":{"line":69,"column":4},"end":{"line":74,"column":7}},"32":{"start":{"line":70,"column":30},"end":{"line":70,"column":37}},"33":{"start":{"line":72,"column":35},"end":{"line":72,"column":65}},"34":{"start":{"line":73,"column":6},"end":{"line":73,"column":63}},"35":{"start":{"line":76,"column":2},"end":{"line":76,"column":22}},"36":{"start":{"line":79,"column":0},"end":{"line":79,"column":105}},"37":{"start":{"line":93,"column":21},"end":{"line":93,"column":65}},"38":{"start":{"line":93,"column":32},"end":{"line":93,"column":65}},"39":{"start":{"line":112,"column":21},"end":{"line":127,"column":5}},"40":{"start":{"line":113,"column":23},"end":{"line":113,"column":25}},"41":{"start":{"line":114,"column":23},"end":{"line":114,"column":44}},"42":{"start":{"line":115,"column":6},"end":{"line":125,"column":9}},"43":{"start":{"line":116,"column":8},"end":{"line":123,"column":10}},"44":{"start":{"line":117,"column":33},"end":{"line":121,"column":11}},"45":{"start":{"line":122,"column":10},"end":{"line":122,"column":42}},"46":{"start":{"line":124,"column":8},"end":{"line":124,"column":49}},"47":{"start":{"line":126,"column":6},"end":{"line":126,"column":24}},"48":{"start":{"line":136,"column":26},"end":{"line":150,"column":3}},"49":{"start":{"line":139,"column":24},"end":{"line":148,"column":10}},"50":{"start":{"line":139,"column":53},"end":{"line":148,"column":9}},"51":{"start":{"line":141,"column":22},"end":{"line":148,"column":7}},"52":{"start":{"line":149,"column":4},"end":{"line":149,"column":36}},"53":{"start":{"line":176,"column":0},"end":{"line":186,"column":2}}},"fnMap":{"0":{"name":"(anonymous_0)","decl":{"start":{"line":11,"column":20},"end":{"line":11,"column":21}},"loc":{"start":{"line":11,"column":32},"end":{"line":11,"column":52}},"line":11},"1":{"name":"(anonymous_1)","decl":{"start":{"line":14,"column":18},"end":{"line":14,"column":19}},"loc":{"start":{"line":14,"column":30},"end":{"line":14,"column":52}},"line":14},"2":{"name":"(anonymous_2)","decl":{"start":{"line":17,"column":16},"end":{"line":17,"column":17}},"loc":{"start":{"line":17,"column":27},"end":{"line":17,"column":54}},"line":17},"3":{"name":"(anonymous_3)","decl":{"start":{"line":22,"column":13},"end":{"line":22,"column":14}},"loc":{"start":{"line":22,"column":25},"end":{"line":22,"column":44}},"line":22},"4":{"name":"(anonymous_4)","decl":{"start":{"line":25,"column":23},"end":{"line":25,"column":24}},"loc":{"start":{"line":25,"column":31},"end":{"line":25,"column":51}},"line":25},"5":{"name":"(anonymous_5)","decl":{"start":{"line":29,"column":25},"end":{"line":29,"column":26}},"loc":{"start":{"line":29,"column":36},"end":{"line":35,"column":1}},"line":29},"6":{"name":"(anonymous_6)","decl":{"start":{"line":42,"column":33},"end":{"line":42,"column":34}},"loc":{"start":{"line":42,"column":44},"end":{"line":45,"column":3}},"line":42},"7":{"name":"(anonymous_7)","decl":{"start":{"line":43,"column":35},"end":{"line":43,"column":36}},"loc":{"start":{"line":44,"column":4},"end":{"line":44,"column":29}},"line":44},"8":{"name":"(anonymous_8)","decl":{"start":{"line":61,"column":22},"end":{"line":61,"column":23}},"loc":{"start":{"line":61,"column":33},"end":{"line":77,"column":1}},"line":61},"9":{"name":"(anonymous_9)","decl":{"start":{"line":69,"column":44},"end":{"line":69,"column":45}},"loc":{"start":{"line":69,"column":57},"end":{"line":74,"column":5}},"line":69},"10":{"name":"(anonymous_10)","decl":{"start":{"line":93,"column":21},"end":{"line":93,"column":22}},"loc":{"start":{"line":93,"column":32},"end":{"line":93,"column":65}},"line":93},"11":{"name":"(anonymous_11)","decl":{"start":{"line":112,"column":21},"end":{"line":112,"column":22}},"loc":{"start":{"line":112,"column":32},"end":{"line":127,"column":5}},"line":112},"12":{"name":"(anonymous_12)","decl":{"start":{"line":115,"column":35},"end":{"line":115,"column":36}},"loc":{"start":{"line":115,"column":45},"end":{"line":125,"column":7}},"line":115},"13":{"name":"(anonymous_13)","decl":{"start":{"line":116,"column":23},"end":{"line":116,"column":24}},"loc":{"start":{"line":116,"column":46},"end":{"line":123,"column":9}},"line":116},"14":{"name":"(anonymous_14)","decl":{"start":{"line":136,"column":26},"end":{"line":136,"column":27}},"loc":{"start":{"line":136,"column":43},"end":{"line":150,"column":3}},"line":136},"15":{"name":"(anonymous_15)","decl":{"start":{"line":139,"column":40},"end":{"line":139,"column":41}},"loc":{"start":{"line":139,"column":53},"end":{"line":148,"column":9}},"line":139},"16":{"name":"(anonymous_16)","decl":{"start":{"line":141,"column":12},"end":{"line":141,"column":13}},"loc":{"start":{"line":141,"column":22},"end":{"line":148,"column":7}},"line":141}},"branchMap":{"0":{"loc":{"start":{"line":30,"column":2},"end":{"line":33,"column":3}},"type":"if","locations":[{"start":{"line":30,"column":2},"end":{"line":33,"column":3}},{"start":{"line":30,"column":2},"end":{"line":33,"column":3}}],"line":30},"1":{"loc":{"start":{"line":64,"column":2},"end":{"line":75,"column":3}},"type":"if","locations":[{"start":{"line":64,"column":2},"end":{"line":75,"column":3}},{"start":{"line":64,"column":2},"end":{"line":75,"column":3}}],"line":64},"2":{"loc":{"start":{"line":65,"column":4},"end":{"line":67,"column":5}},"type":"if","locations":[{"start":{"line":65,"column":4},"end":{"line":67,"column":5}},{"start":{"line":65,"column":4},"end":{"line":67,"column":5}}],"line":65}},"s":{"0":1,"1":1,"2":1,"3":1,"4":1,"5":1,"6":1,"7":1,"8":5,"9":1,"10":25,"11":1,"12":26,"13":1,"14":20,"15":1,"16":6,"17":1,"18":25,"19":16,"20":16,"21":9,"22":1,"23":6,"24":18,"25":1,"26":24,"27":24,"28":24,"29":18,"30":11,"31":6,"32":18,"33":18,"34":18,"35":24,"36":1,"37":1,"38":7,"39":1,"40":4,"41":4,"42":4,"43":7,"44":7,"45":7,"46":7,"47":4,"48":1,"49":2,"50":4,"51":3,"52":2,"53":1},"f":{"0":5,"1":25,"2":26,"3":20,"4":6,"5":25,"6":6,"7":18,"8":24,"9":18,"10":7,"11":4,"12":7,"13":7,"14":2,"15":4,"16":3},"b":{"0":[16,9],"1":[18,6],"2":[11,7]},"_coverageSchema":"1a1c01bbd47fc00a2c39e90264f33305004495a9","hash":"cba1785af67776146d3cdc154f1dbd3cbc0526c8"}
,"C:\\Users\\KELLY-PC\\Documents\\md-links\\LIM013-fe-md-links\\src\\mdlink.js": {"path":"C:\\Users\\KELLY-PC\\Documents\\md-links\\LIM013-fe-md-links\\src\\mdlink.js","statementMap":{"0":{"start":{"line":1,"column":27},"end":{"line":1,"column":48}},"1":{"start":{"line":2,"column":18},"end":{"line":2,"column":39}},"2":{"start":{"line":5,"column":16},"end":{"line":21,"column":1}},"3":{"start":{"line":6,"column":4},"end":{"line":20,"column":5}},"4":{"start":{"line":7,"column":8},"end":{"line":7,"column":41}},"5":{"start":{"line":9,"column":21},"end":{"line":9,"column":55}},"6":{"start":{"line":10,"column":8},"end":{"line":19,"column":9}},"7":{"start":{"line":13,"column":16},"end":{"line":17,"column":17}},"8":{"start":{"line":14,"column":18},"end":{"line":14,"column":49}},"9":{"start":{"line":16,"column":18},"end":{"line":16,"column":33}},"10":{"start":{"line":23,"column":0},"end":{"line":23,"column":145}},"11":{"start":{"line":23,"column":121},"end":{"line":23,"column":142}},"12":{"start":{"line":25,"column":0},"end":{"line":27,"column":1}}},"fnMap":{"0":{"name":"(anonymous_0)","decl":{"start":{"line":5,"column":16},"end":{"line":5,"column":17}},"loc":{"start":{"line":5,"column":39},"end":{"line":21,"column":1}},"line":5},"1":{"name":"(anonymous_1)","decl":{"start":{"line":12,"column":12},"end":{"line":12,"column":13}},"loc":{"start":{"line":12,"column":34},"end":{"line":18,"column":15}},"line":12},"2":{"name":"(anonymous_2)","decl":{"start":{"line":23,"column":107},"end":{"line":23,"column":108}},"loc":{"start":{"line":23,"column":120},"end":{"line":23,"column":143}},"line":23}},"branchMap":{"0":{"loc":{"start":{"line":6,"column":4},"end":{"line":20,"column":5}},"type":"if","locations":[{"start":{"line":6,"column":4},"end":{"line":20,"column":5}},{"start":{"line":6,"column":4},"end":{"line":20,"column":5}}],"line":6},"1":{"loc":{"start":{"line":13,"column":16},"end":{"line":17,"column":17}},"type":"if","locations":[{"start":{"line":13,"column":16},"end":{"line":17,"column":17}},{"start":{"line":13,"column":16},"end":{"line":17,"column":17}}],"line":13}},"s":{"0":1,"1":1,"2":1,"3":3,"4":0,"5":3,"6":3,"7":3,"8":2,"9":1,"10":1,"11":0,"12":1},"f":{"0":3,"1":3,"2":0},"b":{"0":[0,3],"1":[2,1]},"_coverageSchema":"1a1c01bbd47fc00a2c39e90264f33305004495a9","hash":"4d9ed7262d96a77fbe6bc0b7461d70599aba5be8"}
}
