TN:
SF:src\index.js
FN:11,(anonymous_0)
FN:14,(anonymous_1)
FN:17,(anonymous_2)
FN:22,(anonymous_3)
FN:25,(anonymous_4)
FN:29,(anonymous_5)
FN:42,(anonymous_6)
FN:43,(anonymous_7)
FN:60,(anonymous_8)
FN:68,(anonymous_9)
FN:91,(anonymous_10)
FN:110,(anonymous_11)
FN:113,(anonymous_12)
FN:114,(anonymous_13)
FN:162,(anonymous_14)
FN:168,(anonymous_15)
FN:170,(anonymous_16)
FNF:17
FNH:16
FNDA:2,(anonymous_0)
FNDA:5,(anonymous_1)
FNDA:6,(anonymous_2)
FNDA:4,(anonymous_3)
FNDA:2,(anonymous_4)
FNDA:5,(anonymous_5)
FNDA:2,(anonymous_6)
FNDA:3,(anonymous_7)
FNDA:4,(anonymous_8)
FNDA:3,(anonymous_9)
FNDA:2,(anonymous_10)
FNDA:1,(anonymous_11)
FNDA:2,(anonymous_12)
FNDA:2,(anonymous_13)
FNDA:1,(anonymous_14)
FNDA:2,(anonymous_15)
FNDA:0,(anonymous_16)
DA:1,1
DA:2,1
DA:3,1
DA:4,1
DA:5,1
DA:6,1
DA:7,1
DA:11,2
DA:14,5
DA:17,6
DA:22,4
DA:25,2
DA:29,1
DA:30,5
DA:31,1
DA:32,1
DA:34,4
DA:42,1
DA:43,2
DA:44,3
DA:60,1
DA:61,4
DA:62,4
DA:63,4
DA:64,2
DA:65,2
DA:68,2
DA:69,3
DA:71,3
DA:72,3
DA:75,4
DA:91,2
DA:110,1
DA:111,1
DA:112,1
DA:113,1
DA:114,2
DA:115,2
DA:120,2
DA:122,2
DA:124,1
DA:162,1
DA:163,1
DA:164,1
DA:165,1
DA:166,0
DA:168,1
DA:169,2
DA:171,0
DA:178,0
DA:182,1
DA:185,1
DA:204,1
LF:53
LH:50
BRDA:30,0,0,1
BRDA:30,0,1,4
BRDA:63,1,0,2
BRDA:63,1,1,2
BRDA:64,2,0,2
BRDA:64,2,1,0
BRDA:165,3,0,0
BRDA:165,3,1,1
BRF:8
BRH:6
end_of_record
