TN:
SF:src\index.js
FN:11,(anonymous_0)
FN:14,(anonymous_1)
FN:17,(anonymous_2)
FN:20,(anonymous_3)
FN:23,(anonymous_4)
FN:27,(anonymous_5)
FN:37,(anonymous_6)
FN:38,(anonymous_7)
FN:44,(anonymous_8)
FN:52,(anonymous_9)
FN:64,(anonymous_10)
FN:71,(anonymous_11)
FN:74,(anonymous_12)
FN:75,(anonymous_13)
FN:90,(anonymous_14)
FN:91,(anonymous_15)
FN:93,(anonymous_16)
FN:111,(anonymous_17)
FNF:18
FNH:14
FNDA:3,(anonymous_0)
FNDA:13,(anonymous_1)
FNDA:14,(anonymous_2)
FNDA:11,(anonymous_3)
FNDA:3,(anonymous_4)
FNDA:13,(anonymous_5)
FNDA:3,(anonymous_6)
FNDA:9,(anonymous_7)
FNDA:12,(anonymous_8)
FNDA:9,(anonymous_9)
FNDA:3,(anonymous_10)
FNDA:2,(anonymous_11)
FNDA:3,(anonymous_12)
FNDA:3,(anonymous_13)
FNDA:0,(anonymous_14)
FNDA:0,(anonymous_15)
FNDA:0,(anonymous_16)
FNDA:0,(anonymous_17)
DA:1,1
DA:2,1
DA:3,1
DA:4,1
DA:5,1
DA:6,1
DA:7,1
DA:11,3
DA:14,13
DA:17,14
DA:20,11
DA:23,3
DA:27,1
DA:28,13
DA:29,12
DA:30,12
DA:32,1
DA:37,1
DA:38,3
DA:39,9
DA:44,1
DA:45,12
DA:46,12
DA:47,12
DA:48,9
DA:49,5
DA:52,3
DA:53,9
DA:54,9
DA:55,9
DA:58,12
DA:64,3
DA:71,1
DA:72,2
DA:73,2
DA:74,2
DA:75,3
DA:76,3
DA:81,3
DA:83,3
DA:85,2
DA:90,1
DA:91,0
DA:92,0
DA:94,0
DA:95,0
DA:102,0
DA:103,0
DA:112,0
DA:123,0
DA:129,1
LF:51
LH:43
BRDA:28,0,0,12
BRDA:28,0,1,1
BRDA:47,1,0,9
BRDA:47,1,1,3
BRDA:48,2,0,5
BRDA:48,2,1,4
BRDA:94,3,0,0
BRDA:94,3,1,0
BRDA:94,4,0,0
BRDA:94,4,1,0
BRDA:102,5,0,0
BRDA:102,5,1,0
BRDA:102,6,0,0
BRDA:102,6,1,0
BRF:14
BRH:6
end_of_record
TN:
SF:src\mdlinks.js
FN:5,(anonymous_0)
FN:11,(anonymous_1)
FNF:2
FNH:2
FNDA:1,(anonymous_0)
FNDA:1,(anonymous_1)
DA:1,1
DA:2,1
DA:5,1
DA:6,1
DA:7,0
DA:9,1
DA:10,1
DA:12,1
DA:13,0
DA:14,1
DA:15,1
DA:23,1
LF:12
LH:10
BRDA:5,0,0,0
BRDA:6,1,0,0
BRDA:6,1,1,1
BRDA:12,2,0,0
BRDA:12,2,1,1
BRDA:14,3,0,1
BRDA:14,3,1,0
BRDA:14,4,0,1
BRDA:14,4,1,1
BRF:9
BRH:5
end_of_record
